d:\debbie\github\ldnisource\ldni source\ldnicuda\release\vc120.pdb
d:\debbie\github\ldnisource\ldni source\ldnicuda\release\pmbody.obj
d:\debbie\github\ldnisource\ldni source\ldnicuda\release\main.obj
d:\debbie\github\ldnisource\ldni source\ldnicuda\release\ldnidataboard.obj
d:\debbie\github\ldnisource\ldni source\ldnicuda\release\ldnicpusolid.obj
d:\debbie\github\ldnisource\ldni source\ldnicuda\release\ldnicpuoperation.obj
d:\debbie\github\ldnisource\ldni source\ldnicuda\release\ldnicudacontouring.cu.cache
d:\debbie\github\ldnisource\ldni source\ldnicuda\release\ldnicudanormalprocessing.cu.cache
d:\debbie\github\ldnisource\ldni source\ldnicuda\release\ldnicudaoffsetting.cu.cache
d:\debbie\github\ldnisource\ldni source\ldnicuda\release\ldnicudaoffsettingbyhashing.cu.cache
d:\debbie\github\ldnisource\ldni source\ldnicuda\release\ldnicudaoperation.cu.cache
d:\debbie\github\ldnisource\ldni source\ldnicuda\release\ldnicudasolid.cu.cache
d:\debbie\github\ldnisource\ldni source\ldnicuda\release\ldnicudacontouring.cu.obj
d:\debbie\github\ldnisource\ldni source\ldnicuda\release\ldnicudanormalprocessing.cu.obj
d:\debbie\github\ldnisource\ldni source\ldnicuda\release\ldnicudaoffsetting.cu.obj
d:\debbie\github\ldnisource\ldni source\ldnicuda\release\ldnicudaoffsettingbyhashing.cu.obj
d:\debbie\github\ldnisource\ldni source\ldnicuda\release\ldnicudaoperation.cu.obj
d:\debbie\github\ldnisource\ldni source\ldnicuda\release\ldnicudasolid.cu.obj
d:\debbie\github\ldnisource\ldni source\ldnicuda\release\ldnicuda.tlog\cl.command.1.tlog
d:\debbie\github\ldnisource\ldni source\ldnicuda\release\ldnicuda.tlog\cl.read.1.tlog
d:\debbie\github\ldnisource\ldni source\ldnicuda\release\ldnicuda.tlog\cl.write.1.tlog
d:\debbie\github\ldnisource\ldni source\ldnicuda\release\ldnicuda.tlog\link.command.1.tlog
d:\debbie\github\ldnisource\ldni source\ldnicuda\release\ldnicuda.tlog\link.read.1.tlog
d:\debbie\github\ldnisource\ldni source\ldnicuda\release\ldnicuda.tlog\link.write.1.tlog
